TN:
SF:C:\Users\Moose\desktop\ask-frontend\src\polyfills.ts
FNF:0
FNH:0
LF:0
LH:0
BRF:0
BRH:0
end_of_record
TN:
SF:C:\Users\Moose\desktop\ask-frontend\src\test.ts
FNF:0
FNH:0
DA:13,1
DA:18,1
DA:20,1
LF:3
LH:3
BRF:0
BRH:0
end_of_record
TN:
SF:C:\Users\Moose\desktop\ask-frontend\src\app\app.component.ts
FN:9,(anonymous_0)
FNF:1
FNH:1
FNDA:3,(anonymous_0)
DA:8,1
LF:1
LH:1
BRF:0
BRH:0
end_of_record
TN:
SF:C:\Users\Moose\desktop\ask-frontend\src\app\experts\enter-response\enter-response.component.ts
FN:28,(anonymous_0)
FN:38,(anonymous_1)
FN:42,(anonymous_2)
FN:50,(anonymous_3)
FN:57,(anonymous_4)
FN:66,(anonymous_5)
FN:67,(anonymous_6)
FNF:7
FNH:4
FNDA:3,(anonymous_0)
FNDA:3,(anonymous_1)
FNDA:1,(anonymous_2)
FNDA:0,(anonymous_3)
FNDA:0,(anonymous_4)
FNDA:1,(anonymous_5)
FNDA:0,(anonymous_6)
DA:15,1
DA:16,3
DA:17,3
DA:18,1
DA:19,3
DA:29,3
DA:30,3
DA:31,3
DA:32,3
DA:33,3
DA:39,3
DA:43,1
DA:44,1
DA:46,0
DA:47,0
DA:48,0
DA:49,0
DA:51,0
DA:52,0
DA:55,0
DA:58,0
DA:67,1
DA:68,0
DA:69,0
LF:24
LH:14
BRDA:43,0,0,1
BRDA:43,0,1,0
BRF:2
BRH:1
end_of_record
TN:
SF:C:\Users\Moose\desktop\ask-frontend\src\app\experts\settings\settings.component.ts
FN:10,(anonymous_0)
FN:12,(anonymous_1)
FNF:2
FNH:2
FNDA:1,(anonymous_0)
FNDA:1,(anonymous_1)
DA:8,1
LF:1
LH:1
BRF:0
BRH:0
end_of_record
TN:
SF:C:\Users\Moose\desktop\ask-frontend\src\app\services\question.service.ts
FN:17,(anonymous_0)
FN:19,(anonymous_1)
FN:23,(anonymous_2)
FN:27,(anonymous_3)
FN:31,(anonymous_4)
FN:35,(anonymous_5)
FN:39,(anonymous_6)
FN:47,(anonymous_7)
FN:53,(anonymous_8)
FN:59,(anonymous_9)
FNF:10
FNH:6
FNDA:20,(anonymous_0)
FNDA:8,(anonymous_1)
FNDA:1,(anonymous_2)
FNDA:7,(anonymous_3)
FNDA:3,(anonymous_4)
FNDA:3,(anonymous_5)
FNDA:0,(anonymous_6)
FNDA:0,(anonymous_7)
FNDA:0,(anonymous_8)
FNDA:0,(anonymous_9)
DA:7,1
DA:14,1
DA:17,20
DA:20,8
DA:24,1
DA:28,7
DA:32,3
DA:36,3
DA:40,0
DA:48,0
DA:50,0
DA:54,0
DA:56,0
DA:60,0
DA:61,0
DA:63,0
LF:16
LH:8
BRDA:60,0,0,0
BRDA:60,0,1,0
BRF:2
BRH:0
end_of_record
TN:
SF:C:\Users\Moose\desktop\ask-frontend\src\app\services\response.service.ts
FN:15,(anonymous_0)
FN:17,(anonymous_1)
FN:21,(anonymous_2)
FN:25,(anonymous_3)
FN:32,(anonymous_4)
FN:36,(anonymous_5)
FNF:6
FNH:4
FNDA:6,(anonymous_0)
FNDA:1,(anonymous_1)
FNDA:1,(anonymous_2)
FNDA:0,(anonymous_3)
FNDA:1,(anonymous_4)
FNDA:0,(anonymous_5)
DA:7,1
DA:14,1
DA:15,6
DA:18,1
DA:22,1
DA:26,0
DA:33,1
DA:34,1
DA:37,0
DA:38,0
DA:39,0
LF:11
LH:7
BRDA:37,0,0,0
BRDA:37,0,1,0
BRF:2
BRH:0
end_of_record
TN:
SF:C:\Users\Moose\desktop\ask-frontend\src\app\services\tags.service.ts
FN:15,(anonymous_0)
FN:17,(anonymous_1)
FN:21,(anonymous_2)
FN:26,(anonymous_3)
FNF:4
FNH:4
FNDA:13,(anonymous_0)
FNDA:10,(anonymous_1)
FNDA:1,(anonymous_2)
FNDA:1,(anonymous_3)
DA:7,1
DA:14,1
DA:15,13
DA:18,10
DA:22,1
DA:23,1
DA:27,1
LF:7
LH:7
BRF:0
BRH:0
end_of_record
TN:
SF:C:\Users\Moose\desktop\ask-frontend\src\app\services\auth\auth.guard.ts
FN:7,(anonymous_0)
FN:12,(anonymous_1)
FNF:2
FNH:2
FNDA:2,(anonymous_0)
FNDA:1,(anonymous_1)
DA:6,1
DA:8,2
DA:9,2
DA:16,1
DA:17,1
DA:19,0
LF:6
LH:5
BRDA:16,0,0,1
BRDA:16,0,1,0
BRF:2
BRH:1
end_of_record
TN:
SF:C:\Users\Moose\desktop\ask-frontend\src\app\services\auth\auth.service.ts
FN:13,(anonymous_0)
FN:17,(anonymous_1)
FN:29,(anonymous_2)
FN:35,(anonymous_3)
FNF:4
FNH:4
FNDA:16,(anonymous_0)
FNDA:5,(anonymous_1)
FNDA:2,(anonymous_2)
FNDA:2,(anonymous_3)
DA:9,1
DA:11,16
DA:13,16
DA:18,5
DA:30,2
DA:31,2
DA:32,2
DA:36,2
DA:37,2
DA:38,2
LF:10
LH:10
BRF:0
BRH:0
end_of_record
TN:
SF:C:\Users\Moose\desktop\ask-frontend\src\app\static\filtered-question-list\filtered-question-list.component.ts
FN:19,(anonymous_0)
FN:25,(anonymous_1)
FN:32,(anonymous_2)
FN:34,(anonymous_3)
FN:42,(anonymous_4)
FN:46,(anonymous_5)
FN:48,(anonymous_6)
FN:52,(anonymous_7)
FN:58,(anonymous_8)
FN:60,(anonymous_9)
FN:68,(anonymous_10)
FN:70,(anonymous_11)
FN:78,(anonymous_12)
FN:86,(anonymous_13)
FN:87,(anonymous_14)
FNF:15
FNH:10
FNDA:7,(anonymous_0)
FNDA:1,(anonymous_1)
FNDA:1,(anonymous_2)
FNDA:0,(anonymous_3)
FNDA:0,(anonymous_4)
FNDA:1,(anonymous_5)
FNDA:0,(anonymous_6)
FNDA:1,(anonymous_7)
FNDA:1,(anonymous_8)
FNDA:0,(anonymous_9)
FNDA:1,(anonymous_10)
FNDA:0,(anonymous_11)
FNDA:2,(anonymous_12)
FNDA:7,(anonymous_13)
FNDA:7,(anonymous_14)
DA:13,1
DA:14,7
DA:17,7
DA:20,7
DA:21,7
DA:22,7
DA:26,1
DA:27,1
DA:28,0
DA:33,1
DA:34,1
DA:35,0
DA:36,0
DA:37,0
DA:43,0
DA:47,1
DA:48,0
DA:49,0
DA:52,1
DA:53,1
DA:59,1
DA:60,1
DA:61,0
DA:62,0
DA:63,0
DA:69,1
DA:70,1
DA:71,0
DA:72,0
DA:73,0
DA:79,2
DA:80,1
DA:82,1
DA:87,7
DA:88,7
LF:35
LH:22
BRDA:27,0,0,0
BRDA:27,0,1,1
BRDA:36,1,0,0
BRDA:36,1,1,0
BRDA:47,2,0,0
BRDA:47,2,1,1
BRDA:62,3,0,0
BRDA:62,3,1,0
BRDA:72,4,0,0
BRDA:72,4,1,0
BRDA:79,5,0,1
BRDA:79,5,1,1
BRF:12
BRH:4
end_of_record
TN:
SF:C:\Users\Moose\desktop\ask-frontend\src\app\static\footer\footer.component.ts
FN:9,(anonymous_0)
FN:11,(anonymous_1)
FNF:2
FNH:2
FNDA:1,(anonymous_0)
FNDA:1,(anonymous_1)
DA:8,1
LF:1
LH:1
BRF:0
BRH:0
end_of_record
TN:
SF:C:\Users\Moose\desktop\ask-frontend\src\app\static\login-page\login-page.component.ts
FN:13,(anonymous_0)
FN:15,(anonymous_1)
FN:23,(anonymous_2)
FN:26,(anonymous_3)
FNF:4
FNH:4
FNDA:2,(anonymous_0)
FNDA:2,(anonymous_1)
FNDA:2,(anonymous_2)
FNDA:2,(anonymous_3)
DA:12,1
DA:13,2
DA:24,2
DA:27,2
LF:4
LH:4
BRF:0
BRH:0
end_of_record
TN:
SF:C:\Users\Moose\desktop\ask-frontend\src\app\static\navbar\navbar.component.ts
FN:10,(anonymous_0)
FN:12,(anonymous_1)
FN:14,(anonymous_2)
FNF:3
FNH:3
FNDA:2,(anonymous_0)
FNDA:2,(anonymous_1)
FNDA:2,(anonymous_2)
DA:9,1
DA:10,2
DA:15,2
LF:3
LH:3
BRF:0
BRH:0
end_of_record
TN:
SF:C:\Users\Moose\desktop\ask-frontend\src\app\static\preview-question\preview-question.component.ts
FN:23,(anonymous_0)
FN:29,(anonymous_1)
FN:35,(anonymous_2)
FNF:3
FNH:3
FNDA:2,(anonymous_0)
FNDA:2,(anonymous_1)
FNDA:2,(anonymous_2)
DA:19,1
DA:20,1
DA:21,1
DA:24,2
DA:25,2
DA:29,2
DA:31,2
DA:32,2
LF:8
LH:8
BRF:0
BRH:0
end_of_record
TN:
SF:C:\Users\Moose\desktop\ask-frontend\src\app\static\question\question.component.ts
FN:16,(anonymous_0)
FN:24,(anonymous_1)
FN:27,(anonymous_2)
FN:31,(anonymous_3)
FN:37,(anonymous_4)
FNF:5
FNH:4
FNDA:2,(anonymous_0)
FNDA:3,(anonymous_1)
FNDA:0,(anonymous_2)
FNDA:3,(anonymous_3)
FNDA:2,(anonymous_4)
DA:13,1
DA:14,1
DA:17,2
DA:18,2
DA:19,2
DA:25,3
DA:26,3
DA:27,3
DA:28,0
DA:29,0
DA:32,3
DA:38,2
LF:12
LH:10
BRF:0
BRH:0
end_of_record
TN:
SF:C:\Users\Moose\desktop\ask-frontend\src\app\static\question-filter\question-filter.component.ts
FN:62,(anonymous_0)
FN:72,(anonymous_1)
FN:76,(anonymous_2)
FN:83,(anonymous_3)
FN:114,(anonymous_4)
FN:122,(anonymous_5)
FN:128,(anonymous_6)
FN:132,(anonymous_7)
FN:136,(anonymous_8)
FN:149,(anonymous_9)
FN:153,(anonymous_10)
FN:158,(anonymous_11)
FNF:12
FNH:8
FNDA:5,(anonymous_0)
FNDA:5,(anonymous_1)
FNDA:5,(anonymous_2)
FNDA:0,(anonymous_3)
FNDA:1,(anonymous_4)
FNDA:0,(anonymous_5)
FNDA:0,(anonymous_6)
FNDA:0,(anonymous_7)
FNDA:1,(anonymous_8)
FNDA:11,(anonymous_9)
FNDA:1,(anonymous_10)
FNDA:5,(anonymous_11)
DA:32,1
DA:39,1
DA:40,5
DA:41,5
DA:42,5
DA:43,5
DA:44,5
DA:45,5
DA:47,5
DA:48,5
DA:49,5
DA:52,5
DA:54,5
DA:55,5
DA:57,1
DA:60,1
DA:63,5
DA:64,5
DA:65,5
DA:66,5
DA:67,5
DA:68,5
DA:70,5
DA:73,5
DA:76,5
DA:77,5
DA:78,30
DA:86,0
DA:87,0
DA:88,0
DA:91,0
DA:93,0
DA:95,0
DA:101,0
DA:106,0
DA:107,0
DA:110,0
DA:115,1
DA:117,1
DA:118,0
DA:123,0
DA:124,0
DA:125,0
DA:129,0
DA:131,0
DA:132,0
DA:137,1
DA:138,1
DA:139,1
DA:140,1
DA:141,1
DA:142,0
DA:144,1
DA:150,11
DA:154,1
DA:155,1
LF:56
LH:38
BRDA:73,0,0,0
BRDA:73,0,1,5
BRDA:86,1,0,0
BRDA:86,1,1,0
BRDA:91,2,0,0
BRDA:91,2,1,0
BRDA:91,3,0,0
BRDA:91,3,1,0
BRDA:93,4,0,0
BRDA:93,4,1,0
BRDA:106,5,0,0
BRDA:106,5,1,0
BRDA:117,6,0,0
BRDA:117,6,1,1
BRF:14
BRH:2
end_of_record
TN:
SF:C:\Users\Moose\desktop\ask-frontend\src\app\static\question-list\question-list.component.ts
FN:12,(anonymous_0)
FN:14,(anonymous_1)
FNF:2
FNH:2
FNDA:1,(anonymous_0)
FNDA:1,(anonymous_1)
DA:9,1
DA:10,1
LF:2
LH:2
BRF:0
BRH:0
end_of_record
TN:
SF:C:\Users\Moose\desktop\ask-frontend\src\app\static\view-question\view-question.component.ts
FN:33,(anonymous_0)
FN:38,(anonymous_1)
FN:42,(anonymous_2)
FN:50,(anonymous_3)
FN:69,(anonymous_4)
FNF:5
FNH:2
FNDA:1,(anonymous_0)
FNDA:1,(anonymous_1)
FNDA:0,(anonymous_2)
FNDA:0,(anonymous_3)
FNDA:0,(anonymous_4)
DA:20,1
DA:28,1
DA:34,1
DA:35,1
DA:40,1
DA:42,1
DA:43,0
DA:48,1
DA:51,0
DA:52,0
DA:54,0
DA:55,0
DA:56,0
DA:58,0
DA:62,0
DA:67,1
DA:70,0
LF:17
LH:8
BRDA:51,0,0,0
BRDA:51,0,1,0
BRDA:56,1,0,0
BRDA:56,1,1,0
BRF:4
BRH:0
end_of_record
TN:
SF:C:\Users\Moose\desktop\ask-frontend\src\app\users\ask-question\ask-question.component.ts
FN:55,(anonymous_0)
FN:142,(anonymous_1)
FN:158,(anonymous_2)
FN:164,(anonymous_3)
FN:65,(anonymous_4)
FN:69,(anonymous_5)
FN:76,(anonymous_6)
FN:107,(anonymous_7)
FN:115,(anonymous_8)
FN:121,(anonymous_9)
FN:125,(anonymous_10)
FN:137,(anonymous_11)
FN:169,(anonymous_12)
FN:173,(anonymous_13)
FN:178,(anonymous_14)
FN:179,(anonymous_15)
FN:182,(anonymous_16)
FN:187,(anonymous_17)
FNF:18
FNH:7
FNDA:4,(anonymous_0)
FNDA:0,(anonymous_1)
FNDA:0,(anonymous_2)
FNDA:0,(anonymous_3)
FNDA:4,(anonymous_4)
FNDA:4,(anonymous_5)
FNDA:0,(anonymous_6)
FNDA:1,(anonymous_7)
FNDA:0,(anonymous_8)
FNDA:0,(anonymous_9)
FNDA:0,(anonymous_10)
FNDA:0,(anonymous_11)
FNDA:1,(anonymous_12)
FNDA:0,(anonymous_13)
FNDA:0,(anonymous_14)
FNDA:0,(anonymous_15)
FNDA:4,(anonymous_16)
FNDA:6,(anonymous_17)
DA:28,1
DA:35,1
DA:37,4
DA:38,4
DA:39,4
DA:40,4
DA:41,4
DA:42,4
DA:44,4
DA:45,4
DA:48,4
DA:50,1
DA:53,1
DA:56,4
DA:57,4
DA:58,4
DA:59,4
DA:60,4
DA:61,4
DA:63,4
DA:66,4
DA:69,4
DA:70,4
DA:71,24
DA:79,0
DA:80,0
DA:81,0
DA:84,0
DA:86,0
DA:88,0
DA:94,0
DA:99,0
DA:100,0
DA:103,0
DA:108,1
DA:110,1
DA:111,0
DA:116,0
DA:117,0
DA:118,0
DA:122,0
DA:124,0
DA:125,0
DA:129,4
DA:138,0
DA:142,4
DA:143,0
DA:144,0
DA:145,0
DA:146,0
DA:147,0
DA:150,0
DA:151,0
DA:152,0
DA:153,0
DA:156,0
DA:159,0
DA:160,0
DA:161,0
DA:162,0
DA:165,0
DA:174,0
DA:175,0
DA:176,0
DA:177,0
DA:179,0
DA:183,4
DA:188,6
DA:194,6
LF:69
LH:31
BRDA:150,0,0,0
BRDA:150,0,1,0
BRDA:152,1,0,0
BRDA:152,1,1,0
BRDA:66,2,0,0
BRDA:66,2,1,4
BRDA:79,3,0,0
BRDA:79,3,1,0
BRDA:84,4,0,0
BRDA:84,4,1,0
BRDA:84,5,0,0
BRDA:84,5,1,0
BRDA:86,6,0,0
BRDA:86,6,1,0
BRDA:99,7,0,0
BRDA:99,7,1,0
BRDA:110,8,0,0
BRDA:110,8,1,1
BRF:18
BRH:2
end_of_record
TN:
SF:C:\Users\Moose\desktop\ask-frontend\src\environments\environment.ts
FNF:0
FNH:0
DA:5,1
DA:6,1
DA:8,1
LF:3
LH:3
BRF:0
BRH:0
end_of_record
TN:
SF:C:\Users\Moose\desktop\ask-frontend\src\material-import\material-import.module.ts
FNF:0
FNH:0
DA:71,1
LF:1
LH:1
BRF:0
BRH:0
end_of_record
